<?xml version="1.0" encoding="UTF-8"?>
<!-- Generated by org.testng.reporters.JUnitReportReporter -->
<testsuite skipped="0" hostname="MrAdmin-PC" name="com.qa.main.TestClass" tests="1" failures="0" timestamp="2021-05-23T18:08:01 IST" time="0.054" errors="0">
  <testcase name="testCase" time="0.054" classname="com.qa.main.TestClass"/>
  <system-out/>
</testsuite> <!-- com.qa.main.TestClass -->
