<?xml version="1.0" encoding="UTF-8"?>
<!-- Generated by org.testng.reporters.JUnitReportReporter -->
<testsuite hostname="DESKTOP-58G4CBH" failures="0" tests="2" name="com.qa.test.TestClass" time="3.023" errors="0" timestamp="2021-06-16T00:16:41 IST" skipped="0">
  <testcase classname="com.qa.test.TestClass" name="TestCase1" time="0.005"/>
  <system-out/>
  <testcase classname="com.qa.test.TestClass" name="TestCase2" time="3.018"/>
  <system-out/>
</testsuite> <!-- com.qa.test.TestClass -->
